<?xml version="1.0" encoding="UTF-8"?>
<!-- Generated by org.testng.reporters.JUnitReportReporter -->
<testsuite hostname="SOUMYABRATA-NANDI" failures="0" tests="1" name="practiceListener.SampleTest" time="6.464" errors="0" timestamp="2024-11-08T15:28:29 IST" skipped="0">
  <testcase classname="practiceListener.SampleTest" name="sampleMethod3" time="6.464"/>
  <system-out/>
</testsuite> <!-- practiceListener.SampleTest -->
