<?xml version="1.0" encoding="UTF-8"?>
<!-- Generated by org.testng.reporters.JUnitReportReporter -->
<testsuite hostname="SOUMYABRATA-NANDI" failures="0" tests="1" name="practiceListener.Sample6Test" time="23.725" errors="0" timestamp="2024-11-08T15:28:29 IST" skipped="0">
  <testcase classname="practiceListener.Sample6Test" name="sampleMethList" time="23.725"/>
  <system-out/>
</testsuite> <!-- practiceListener.Sample6Test -->
